<?xml version="1.0" encoding="UTF-8"?>
<coverage generated="1665704356959" clover="3.2.0">
  <project timestamp="1665704356959" name="All files">
    <metrics statements="13" coveredstatements="13" conditionals="5" coveredconditionals="5" methods="3" coveredmethods="3" elements="21" coveredelements="21" complexity="0" loc="13" ncloc="13" packages="1" files="1" classes="1"/>
    <file name="happyNumber.js" path="C:\Users\Kevin\Documents\vscode\gitrepos\tutorials\tdd-basics-project\js\happyNumber.js">
      <metrics statements="13" coveredstatements="13" conditionals="5" coveredconditionals="5" methods="3" coveredmethods="3"/>
      <line num="35" count="1" type="cond" truecount="1" falsecount="0"/>
      <line num="36" count="13" type="stmt"/>
      <line num="37" count="13" type="cond" truecount="2" falsecount="0"/>
      <line num="38" count="24" type="stmt"/>
      <line num="39" count="12" type="stmt"/>
      <line num="40" count="12" type="stmt"/>
      <line num="41" count="12" type="stmt"/>
      <line num="43" count="12" type="cond" truecount="2" falsecount="0"/>
      <line num="44" count="1" type="stmt"/>
      <line num="46" count="11" type="stmt"/>
      <line num="47" count="11" type="stmt"/>
      <line num="51" count="12" type="stmt"/>
      <line num="54" count="1" type="stmt"/>
    </file>
  </project>
</coverage>
