{"C:\\Users\\Kevin\\Documents\\vscode\\gitrepos\\tutorials\\tdd-basics-project\\js\\compSame.js": {"path":"C:\\Users\\Kevin\\Documents\\vscode\\gitrepos\\tutorials\\tdd-basics-project\\js\\compSame.js","statementMap":{"0":{"start":{"line":34,"column":0},"end":{"line":34,"column":22}}},"fnMap":{"0":{"name":"comp","decl":{"start":{"line":30,"column":9},"end":{"line":30,"column":13}},"loc":{"start":{"line":30,"column":29},"end":{"line":32,"column":3}},"line":30}},"branchMap":{},"s":{"0":1},"f":{"0":1},"b":{},"_coverageSchema":"1a1c01bbd47fc00a2c39e90264f33305004495a9","hash":"baad7f4f86de4c13e22734c1aa6f733a8a511a0b"}
}
