{"C:\\Users\\Kevin\\Documents\\vscode\\gitrepos\\tutorials\\tdd-basics-project\\js\\increment.js": {"path":"C:\\Users\\Kevin\\Documents\\vscode\\gitrepos\\tutorials\\tdd-basics-project\\js\\increment.js","statementMap":{"0":{"start":{"line":2,"column":16},"end":{"line":2,"column":31}},"1":{"start":{"line":3,"column":4},"end":{"line":28,"column":5}},"2":{"start":{"line":4,"column":6},"end":{"line":4,"column":25}},"3":{"start":{"line":6,"column":6},"end":{"line":27,"column":7}},"4":{"start":{"line":7,"column":8},"end":{"line":7,"column":68}},"5":{"start":{"line":9,"column":24},"end":{"line":9,"column":25}},"6":{"start":{"line":10,"column":27},"end":{"line":10,"column":43}},"7":{"start":{"line":11,"column":33},"end":{"line":11,"column":49}},"8":{"start":{"line":12,"column":8},"end":{"line":26,"column":9}},"9":{"start":{"line":13,"column":10},"end":{"line":25,"column":11}},"10":{"start":{"line":14,"column":12},"end":{"line":14,"column":36}},"11":{"start":{"line":15,"column":12},"end":{"line":19,"column":13}},"12":{"start":{"line":16,"column":14},"end":{"line":16,"column":82}},"13":{"start":{"line":18,"column":14},"end":{"line":18,"column":39}},"14":{"start":{"line":20,"column":12},"end":{"line":20,"column":24}},"15":{"start":{"line":21,"column":17},"end":{"line":25,"column":11}},"16":{"start":{"line":22,"column":12},"end":{"line":22,"column":36}},"17":{"start":{"line":23,"column":12},"end":{"line":23,"column":27}},"18":{"start":{"line":24,"column":12},"end":{"line":24,"column":33}},"19":{"start":{"line":29,"column":4},"end":{"line":29,"column":26}},"20":{"start":{"line":32,"column":0},"end":{"line":32,"column":33}}},"fnMap":{"0":{"name":"incrementString","decl":{"start":{"line":1,"column":9},"end":{"line":1,"column":24}},"loc":{"start":{"line":1,"column":33},"end":{"line":30,"column":3}},"line":1}},"branchMap":{"0":{"loc":{"start":{"line":3,"column":4},"end":{"line":28,"column":5}},"type":"if","locations":[{"start":{"line":3,"column":4},"end":{"line":28,"column":5}},{"start":{"line":5,"column":11},"end":{"line":28,"column":5}}],"line":3},"1":{"loc":{"start":{"line":6,"column":6},"end":{"line":27,"column":7}},"type":"if","locations":[{"start":{"line":6,"column":6},"end":{"line":27,"column":7}},{"start":{"line":8,"column":13},"end":{"line":27,"column":7}}],"line":6},"2":{"loc":{"start":{"line":6,"column":10},"end":{"line":6,"column":132}},"type":"binary-expr","locations":[{"start":{"line":6,"column":11},"end":{"line":6,"column":37}},{"start":{"line":6,"column":43},"end":{"line":6,"column":69}},{"start":{"line":6,"column":74},"end":{"line":6,"column":100}},{"start":{"line":6,"column":105},"end":{"line":6,"column":130}}],"line":6},"3":{"loc":{"start":{"line":13,"column":10},"end":{"line":25,"column":11}},"type":"if","locations":[{"start":{"line":13,"column":10},"end":{"line":25,"column":11}},{"start":{"line":21,"column":17},"end":{"line":25,"column":11}}],"line":13},"4":{"loc":{"start":{"line":13,"column":15},"end":{"line":13,"column":73}},"type":"binary-expr","locations":[{"start":{"line":13,"column":15},"end":{"line":13,"column":39}},{"start":{"line":13,"column":43},"end":{"line":13,"column":73}}],"line":13},"5":{"loc":{"start":{"line":15,"column":12},"end":{"line":19,"column":13}},"type":"if","locations":[{"start":{"line":15,"column":12},"end":{"line":19,"column":13}},{"start":{"line":17,"column":19},"end":{"line":19,"column":13}}],"line":15},"6":{"loc":{"start":{"line":21,"column":17},"end":{"line":25,"column":11}},"type":"if","locations":[{"start":{"line":21,"column":17},"end":{"line":25,"column":11}},{"start":{},"end":{}}],"line":21},"7":{"loc":{"start":{"line":21,"column":22},"end":{"line":21,"column":80}},"type":"binary-expr","locations":[{"start":{"line":21,"column":22},"end":{"line":21,"column":46}},{"start":{"line":21,"column":50},"end":{"line":21,"column":80}}],"line":21}},"s":{"0":6,"1":6,"2":1,"3":5,"4":3,"5":2,"6":2,"7":2,"8":2,"9":4,"10":2,"11":2,"12":1,"13":1,"14":2,"15":2,"16":2,"17":2,"18":2,"19":5,"20":1},"f":{"0":6},"b":{"0":[1,5],"1":[3,2],"2":[5,3,3,2],"3":[2,2],"4":[4,4],"5":[1,1],"6":[2,0],"7":[2,2]},"_coverageSchema":"1a1c01bbd47fc00a2c39e90264f33305004495a9","hash":"0cd095e145da1dd57d2c96a4558f246e24f6e785"}
}
