TN:
SF:js\increment.js
FN:1,incrementString
FNF:1
FNH:1
FNDA:6,incrementString
DA:2,6
DA:3,6
DA:4,1
DA:6,5
DA:7,3
DA:9,2
DA:10,2
DA:11,2
DA:12,2
DA:13,4
DA:14,2
DA:15,2
DA:16,1
DA:18,1
DA:20,2
DA:21,2
DA:22,2
DA:23,2
DA:24,2
DA:29,5
DA:32,1
LF:21
LH:21
BRDA:3,0,0,1
BRDA:3,0,1,5
BRDA:6,1,0,3
BRDA:6,1,1,2
BRDA:6,2,0,5
BRDA:6,2,1,3
BRDA:6,2,2,3
BRDA:6,2,3,2
BRDA:13,3,0,2
BRDA:13,3,1,2
BRDA:13,4,0,4
BRDA:13,4,1,4
BRDA:15,5,0,1
BRDA:15,5,1,1
BRDA:21,6,0,2
BRDA:21,6,1,0
BRDA:21,7,0,2
BRDA:21,7,1,2
BRF:18
BRH:17
end_of_record
