TN:
SF:js\isomorphicStrings.js
FN:29,(anonymous_0)
FNF:1
FNH:1
FNDA:3,(anonymous_0)
DA:29,1
DA:30,3
DA:31,3
DA:32,3
DA:33,3
DA:34,3
DA:35,11
DA:36,2
DA:37,9
DA:38,0
DA:40,9
DA:41,9
DA:44,3
DA:45,11
DA:46,2
DA:47,9
DA:48,1
DA:50,8
DA:51,8
DA:54,2
DA:58,1
LF:21
LH:20
BRDA:35,0,0,2
BRDA:35,0,1,9
BRDA:35,1,0,11
BRDA:35,1,1,2
BRDA:37,2,0,0
BRDA:37,2,1,9
BRDA:37,3,0,9
BRDA:37,3,1,0
BRDA:45,4,0,2
BRDA:45,4,1,9
BRDA:45,5,0,11
BRDA:45,5,1,3
BRDA:47,6,0,1
BRDA:47,6,1,8
BRDA:47,7,0,9
BRDA:47,7,1,1
BRDA:54,8,0,2
BRDA:54,8,1,2
BRF:18
BRH:16
end_of_record
